<?xml version="1.0" encoding="UTF-8"?>
<testsuite name="testSuites.Prueba" tests="1" skipped="0" failures="0" errors="0" timestamp="2022-06-06T21:19:15" hostname="DESKTOP-COTDRJJ" time="7.317">
  <properties/>
  <testcase name="buscarPerroEnGoogle" classname="testSuites.Prueba" time="7.317"/>
  <system-out><![CDATA[]]></system-out>
  <system-err><![CDATA[]]></system-err>
</testsuite>
